2021-11-13 00:45:59.181  INFO 20168 --- [main] t.e.spring.test.EmployeServiceImplTest   : Starting EmployeServiceImplTest on DESKTOP-8CBMA71 with PID 20168 (started by PC in C:\Users\PC\Documents\TimesheetProject)
2021-11-13 00:45:59.185  INFO 20168 --- [main] t.e.spring.test.EmployeServiceImplTest   : No active profile set, falling back to default profiles: default
2021-11-13 00:45:59.808  INFO 20168 --- [main] .s.d.r.c.RepositoryConfigurationDelegate : Bootstrapping Spring Data repositories in DEFAULT mode.
2021-11-13 00:45:59.885  INFO 20168 --- [main] .s.d.r.c.RepositoryConfigurationDelegate : Finished Spring Data repository scanning in 69ms. Found 6 repository interfaces.
2021-11-13 00:46:00.222  INFO 20168 --- [main] trationDelegate$BeanPostProcessorChecker : Bean 'org.springframework.transaction.annotation.ProxyTransactionManagementConfiguration' of type [org.springframework.transaction.annotation.ProxyTransactionManagementConfiguration$$EnhancerBySpringCGLIB$$6668c35d] is not eligible for getting processed by all BeanPostProcessors (for example: not eligible for auto-proxying)
2021-11-13 00:46:00.524  INFO 20168 --- [main] com.zaxxer.hikari.HikariDataSource       : HikariPool-1 - Starting...
2021-11-13 00:46:00.803  INFO 20168 --- [main] com.zaxxer.hikari.HikariDataSource       : HikariPool-1 - Start completed.
2021-11-13 00:46:00.865  INFO 20168 --- [main] o.hibernate.jpa.internal.util.LogHelper  : HHH000204: Processing PersistenceUnitInfo [
	name: default
	...]
2021-11-13 00:46:00.936  INFO 20168 --- [main] org.hibernate.Version                    : HHH000412: Hibernate Core {5.3.9.Final}
2021-11-13 00:46:00.938  INFO 20168 --- [main] org.hibernate.cfg.Environment            : HHH000206: hibernate.properties not found
2021-11-13 00:46:01.097  INFO 20168 --- [main] o.hibernate.annotations.common.Version   : HCANN000001: Hibernate Commons Annotations {5.0.4.Final}
2021-11-13 00:46:01.487  INFO 20168 --- [main] org.hibernate.dialect.Dialect            : HHH000400: Using dialect: org.hibernate.dialect.MySQL5Dialect
2021-11-13 00:46:02.918  INFO 20168 --- [main] j.LocalContainerEntityManagerFactoryBean : Initialized JPA EntityManagerFactory for persistence unit 'default'
2021-11-13 00:46:03.221  INFO 20168 --- [main] o.h.h.i.QueryTranslatorFactoryInitiator  : HHH000397: Using ASTQueryTranslatorFactory
2021-11-13 00:46:04.234  INFO 20168 --- [main] o.s.s.concurrent.ThreadPoolTaskExecutor  : Initializing ExecutorService 'applicationTaskExecutor'
2021-11-13 00:46:04.288  WARN 20168 --- [main] aWebConfiguration$JpaWebMvcConfiguration : spring.jpa.open-in-view is enabled by default. Therefore, database queries may be performed during view rendering. Explicitly configure spring.jpa.open-in-view to disable this warning
2021-11-13 00:46:04.684  INFO 20168 --- [main] t.e.spring.test.EmployeServiceImplTest   : Started EmployeServiceImplTest in 5.816 seconds (JVM running for 7.628)
2021-11-13 00:46:06.185  INFO 20168 --- [Thread-2] o.s.s.concurrent.ThreadPoolTaskExecutor  : Shutting down ExecutorService 'applicationTaskExecutor'
2021-11-13 00:46:06.194  INFO 20168 --- [Thread-2] j.LocalContainerEntityManagerFactoryBean : Closing JPA EntityManagerFactory for persistence unit 'default'
2021-11-13 00:46:06.199  INFO 20168 --- [Thread-2] com.zaxxer.hikari.HikariDataSource       : HikariPool-1 - Shutdown initiated...
2021-11-13 00:46:06.205  INFO 20168 --- [Thread-2] com.zaxxer.hikari.HikariDataSource       : HikariPool-1 - Shutdown completed.
2021-11-13 02:14:13.908  INFO 18924 --- [main] t.e.spring.test.EmployeServiceImplTest   : Starting EmployeServiceImplTest on DESKTOP-8CBMA71 with PID 18924 (started by PC in C:\Users\PC\documents\timesheetproject)
2021-11-13 02:14:13.910  INFO 18924 --- [main] t.e.spring.test.EmployeServiceImplTest   : No active profile set, falling back to default profiles: default
2021-11-13 02:14:14.640  INFO 18924 --- [main] .s.d.r.c.RepositoryConfigurationDelegate : Bootstrapping Spring Data repositories in DEFAULT mode.
2021-11-13 02:14:14.751  INFO 18924 --- [main] .s.d.r.c.RepositoryConfigurationDelegate : Finished Spring Data repository scanning in 99ms. Found 6 repository interfaces.
2021-11-13 02:14:15.346  INFO 18924 --- [main] trationDelegate$BeanPostProcessorChecker : Bean 'org.springframework.transaction.annotation.ProxyTransactionManagementConfiguration' of type [org.springframework.transaction.annotation.ProxyTransactionManagementConfiguration$$EnhancerBySpringCGLIB$$cc8c91fc] is not eligible for getting processed by all BeanPostProcessors (for example: not eligible for auto-proxying)
2021-11-13 02:14:15.764  INFO 18924 --- [main] com.zaxxer.hikari.HikariDataSource       : HikariPool-1 - Starting...
2021-11-13 02:14:15.990  INFO 18924 --- [main] com.zaxxer.hikari.HikariDataSource       : HikariPool-1 - Start completed.
2021-11-13 02:14:16.059  INFO 18924 --- [main] o.hibernate.jpa.internal.util.LogHelper  : HHH000204: Processing PersistenceUnitInfo [
	name: default
	...]
2021-11-13 02:14:16.142  INFO 18924 --- [main] org.hibernate.Version                    : HHH000412: Hibernate Core {5.3.9.Final}
2021-11-13 02:14:16.144  INFO 18924 --- [main] org.hibernate.cfg.Environment            : HHH000206: hibernate.properties not found
2021-11-13 02:14:16.297  INFO 18924 --- [main] o.hibernate.annotations.common.Version   : HCANN000001: Hibernate Commons Annotations {5.0.4.Final}
2021-11-13 02:14:16.660  INFO 18924 --- [main] org.hibernate.dialect.Dialect            : HHH000400: Using dialect: org.hibernate.dialect.MySQL5Dialect
2021-11-13 02:14:19.201  INFO 18924 --- [main] j.LocalContainerEntityManagerFactoryBean : Initialized JPA EntityManagerFactory for persistence unit 'default'
2021-11-13 02:14:19.641  INFO 18924 --- [main] o.h.h.i.QueryTranslatorFactoryInitiator  : HHH000397: Using ASTQueryTranslatorFactory
2021-11-13 02:14:20.692  INFO 18924 --- [main] o.s.s.concurrent.ThreadPoolTaskExecutor  : Initializing ExecutorService 'applicationTaskExecutor'
2021-11-13 02:14:20.766  WARN 18924 --- [main] aWebConfiguration$JpaWebMvcConfiguration : spring.jpa.open-in-view is enabled by default. Therefore, database queries may be performed during view rendering. Explicitly configure spring.jpa.open-in-view to disable this warning
2021-11-13 02:14:21.255  INFO 18924 --- [main] t.e.spring.test.EmployeServiceImplTest   : Started EmployeServiceImplTest in 7.71 seconds (JVM running for 9.486)
2021-11-13 02:14:22.352  INFO 18924 --- [Thread-3] o.s.s.concurrent.ThreadPoolTaskExecutor  : Shutting down ExecutorService 'applicationTaskExecutor'
2021-11-13 02:14:22.353  INFO 18924 --- [Thread-3] j.LocalContainerEntityManagerFactoryBean : Closing JPA EntityManagerFactory for persistence unit 'default'
2021-11-13 02:14:22.356  INFO 18924 --- [Thread-3] com.zaxxer.hikari.HikariDataSource       : HikariPool-1 - Shutdown initiated...
2021-11-13 02:14:22.509  INFO 18924 --- [Thread-3] com.zaxxer.hikari.HikariDataSource       : HikariPool-1 - Shutdown completed.
2021-11-13 11:01:31.331  INFO 11652 --- [main] t.e.spring.test.EmployeServiceImplTest   : Starting EmployeServiceImplTest on DESKTOP-8CBMA71 with PID 11652 (started by PC in C:\Users\PC\Documents\TimesheetProject)
2021-11-13 11:01:31.333  INFO 11652 --- [main] t.e.spring.test.EmployeServiceImplTest   : No active profile set, falling back to default profiles: default
2021-11-13 11:01:32.224  INFO 11652 --- [main] .s.d.r.c.RepositoryConfigurationDelegate : Bootstrapping Spring Data repositories in DEFAULT mode.
2021-11-13 11:01:32.361  INFO 11652 --- [main] .s.d.r.c.RepositoryConfigurationDelegate : Finished Spring Data repository scanning in 122ms. Found 6 repository interfaces.
2021-11-13 11:01:32.975  INFO 11652 --- [main] trationDelegate$BeanPostProcessorChecker : Bean 'org.springframework.transaction.annotation.ProxyTransactionManagementConfiguration' of type [org.springframework.transaction.annotation.ProxyTransactionManagementConfiguration$$EnhancerBySpringCGLIB$$ede2cf2d] is not eligible for getting processed by all BeanPostProcessors (for example: not eligible for auto-proxying)
2021-11-13 11:01:33.436  INFO 11652 --- [main] com.zaxxer.hikari.HikariDataSource       : HikariPool-1 - Starting...
2021-11-13 11:01:33.758  INFO 11652 --- [main] com.zaxxer.hikari.HikariDataSource       : HikariPool-1 - Start completed.
2021-11-13 11:01:33.838  INFO 11652 --- [main] o.hibernate.jpa.internal.util.LogHelper  : HHH000204: Processing PersistenceUnitInfo [
	name: default
	...]
2021-11-13 11:01:33.932  INFO 11652 --- [main] org.hibernate.Version                    : HHH000412: Hibernate Core {5.3.9.Final}
2021-11-13 11:01:33.934  INFO 11652 --- [main] org.hibernate.cfg.Environment            : HHH000206: hibernate.properties not found
2021-11-13 11:01:34.107  INFO 11652 --- [main] o.hibernate.annotations.common.Version   : HCANN000001: Hibernate Commons Annotations {5.0.4.Final}
2021-11-13 11:01:34.486  INFO 11652 --- [main] org.hibernate.dialect.Dialect            : HHH000400: Using dialect: org.hibernate.dialect.MySQL5Dialect
2021-11-13 11:01:36.298  INFO 11652 --- [main] j.LocalContainerEntityManagerFactoryBean : Initialized JPA EntityManagerFactory for persistence unit 'default'
2021-11-13 11:01:36.653  INFO 11652 --- [main] o.h.h.i.QueryTranslatorFactoryInitiator  : HHH000397: Using ASTQueryTranslatorFactory
2021-11-13 11:01:37.802  INFO 11652 --- [main] o.s.s.concurrent.ThreadPoolTaskExecutor  : Initializing ExecutorService 'applicationTaskExecutor'
2021-11-13 11:01:37.880  WARN 11652 --- [main] aWebConfiguration$JpaWebMvcConfiguration : spring.jpa.open-in-view is enabled by default. Therefore, database queries may be performed during view rendering. Explicitly configure spring.jpa.open-in-view to disable this warning
2021-11-13 11:01:38.298  INFO 11652 --- [main] t.e.spring.test.EmployeServiceImplTest   : Started EmployeServiceImplTest in 7.351 seconds (JVM running for 8.857)
2021-11-13 11:01:39.105  INFO 11652 --- [Thread-3] o.s.s.concurrent.ThreadPoolTaskExecutor  : Shutting down ExecutorService 'applicationTaskExecutor'
2021-11-13 11:01:39.107  INFO 11652 --- [Thread-3] j.LocalContainerEntityManagerFactoryBean : Closing JPA EntityManagerFactory for persistence unit 'default'
2021-11-13 11:01:39.110  INFO 11652 --- [Thread-3] com.zaxxer.hikari.HikariDataSource       : HikariPool-1 - Shutdown initiated...
2021-11-13 11:01:39.357  INFO 11652 --- [Thread-3] com.zaxxer.hikari.HikariDataSource       : HikariPool-1 - Shutdown completed.
2021-11-13 22:47:00.866  INFO 6140 --- [main] t.e.spring.test.EmployeServiceImplTest   : Starting EmployeServiceImplTest on DESKTOP-8CBMA71 with PID 6140 (started by PC in C:\Users\PC\Desktop\Timesheet)
2021-11-13 22:47:00.868  INFO 6140 --- [main] t.e.spring.test.EmployeServiceImplTest   : No active profile set, falling back to default profiles: default
2021-11-13 22:47:02.688  INFO 6140 --- [main] .s.d.r.c.RepositoryConfigurationDelegate : Bootstrapping Spring Data repositories in DEFAULT mode.
2021-11-13 22:47:02.810  INFO 6140 --- [main] .s.d.r.c.RepositoryConfigurationDelegate : Finished Spring Data repository scanning in 110ms. Found 6 repository interfaces.
2021-11-13 22:47:03.338  INFO 6140 --- [main] trationDelegate$BeanPostProcessorChecker : Bean 'org.springframework.transaction.annotation.ProxyTransactionManagementConfiguration' of type [org.springframework.transaction.annotation.ProxyTransactionManagementConfiguration$$EnhancerBySpringCGLIB$$ede2cf2d] is not eligible for getting processed by all BeanPostProcessors (for example: not eligible for auto-proxying)
2021-11-13 22:47:03.753  INFO 6140 --- [main] com.zaxxer.hikari.HikariDataSource       : HikariPool-1 - Starting...
2021-11-13 22:47:03.945  INFO 6140 --- [main] com.zaxxer.hikari.HikariDataSource       : HikariPool-1 - Start completed.
2021-11-13 22:47:04.018  INFO 6140 --- [main] o.hibernate.jpa.internal.util.LogHelper  : HHH000204: Processing PersistenceUnitInfo [
	name: default
	...]
2021-11-13 22:47:04.115  INFO 6140 --- [main] org.hibernate.Version                    : HHH000412: Hibernate Core {5.3.9.Final}
2021-11-13 22:47:04.117  INFO 6140 --- [main] org.hibernate.cfg.Environment            : HHH000206: hibernate.properties not found
2021-11-13 22:47:04.278  INFO 6140 --- [main] o.hibernate.annotations.common.Version   : HCANN000001: Hibernate Commons Annotations {5.0.4.Final}
2021-11-13 22:47:04.626  INFO 6140 --- [main] org.hibernate.dialect.Dialect            : HHH000400: Using dialect: org.hibernate.dialect.MySQL5Dialect
2021-11-13 22:47:06.225  INFO 6140 --- [main] j.LocalContainerEntityManagerFactoryBean : Initialized JPA EntityManagerFactory for persistence unit 'default'
2021-11-13 22:47:06.571  INFO 6140 --- [main] o.h.h.i.QueryTranslatorFactoryInitiator  : HHH000397: Using ASTQueryTranslatorFactory
2021-11-13 22:47:09.732  INFO 6140 --- [main] o.s.s.concurrent.ThreadPoolTaskExecutor  : Initializing ExecutorService 'applicationTaskExecutor'
2021-11-13 22:47:09.805  WARN 6140 --- [main] aWebConfiguration$JpaWebMvcConfiguration : spring.jpa.open-in-view is enabled by default. Therefore, database queries may be performed during view rendering. Explicitly configure spring.jpa.open-in-view to disable this warning
2021-11-13 22:47:10.183  INFO 6140 --- [main] t.e.spring.test.EmployeServiceImplTest   : Started EmployeServiceImplTest in 9.675 seconds (JVM running for 11.453)
2021-11-13 22:47:10.956  INFO 6140 --- [Thread-3] o.s.s.concurrent.ThreadPoolTaskExecutor  : Shutting down ExecutorService 'applicationTaskExecutor'
2021-11-13 22:47:10.964  INFO 6140 --- [Thread-3] j.LocalContainerEntityManagerFactoryBean : Closing JPA EntityManagerFactory for persistence unit 'default'
2021-11-13 22:47:10.968  INFO 6140 --- [Thread-3] com.zaxxer.hikari.HikariDataSource       : HikariPool-1 - Shutdown initiated...
2021-11-13 22:47:11.142  INFO 6140 --- [Thread-3] com.zaxxer.hikari.HikariDataSource       : HikariPool-1 - Shutdown completed.
2021-11-13 22:47:26.088  INFO 14124 --- [main] t.e.spring.test.EmployeServiceImplTest   : Starting EmployeServiceImplTest on DESKTOP-8CBMA71 with PID 14124 (started by PC in C:\Users\PC\Desktop\Timesheet)
2021-11-13 22:47:26.090  INFO 14124 --- [main] t.e.spring.test.EmployeServiceImplTest   : No active profile set, falling back to default profiles: default
2021-11-13 22:47:26.615  INFO 14124 --- [main] .s.d.r.c.RepositoryConfigurationDelegate : Bootstrapping Spring Data repositories in DEFAULT mode.
2021-11-13 22:47:26.698  INFO 14124 --- [main] .s.d.r.c.RepositoryConfigurationDelegate : Finished Spring Data repository scanning in 76ms. Found 6 repository interfaces.
2021-11-13 22:47:27.038  INFO 14124 --- [main] trationDelegate$BeanPostProcessorChecker : Bean 'org.springframework.transaction.annotation.ProxyTransactionManagementConfiguration' of type [org.springframework.transaction.annotation.ProxyTransactionManagementConfiguration$$EnhancerBySpringCGLIB$$90cd6421] is not eligible for getting processed by all BeanPostProcessors (for example: not eligible for auto-proxying)
2021-11-13 22:47:27.320  INFO 14124 --- [main] com.zaxxer.hikari.HikariDataSource       : HikariPool-1 - Starting...
2021-11-13 22:47:27.474  INFO 14124 --- [main] com.zaxxer.hikari.HikariDataSource       : HikariPool-1 - Start completed.
2021-11-13 22:47:27.529  INFO 14124 --- [main] o.hibernate.jpa.internal.util.LogHelper  : HHH000204: Processing PersistenceUnitInfo [
	name: default
	...]
2021-11-13 22:47:27.582  INFO 14124 --- [main] org.hibernate.Version                    : HHH000412: Hibernate Core {5.3.9.Final}
2021-11-13 22:47:27.583  INFO 14124 --- [main] org.hibernate.cfg.Environment            : HHH000206: hibernate.properties not found
2021-11-13 22:47:27.717  INFO 14124 --- [main] o.hibernate.annotations.common.Version   : HCANN000001: Hibernate Commons Annotations {5.0.4.Final}
2021-11-13 22:47:28.014  INFO 14124 --- [main] org.hibernate.dialect.Dialect            : HHH000400: Using dialect: org.hibernate.dialect.MySQL5Dialect
2021-11-13 22:47:30.419  INFO 14124 --- [main] j.LocalContainerEntityManagerFactoryBean : Initialized JPA EntityManagerFactory for persistence unit 'default'
2021-11-13 22:47:30.704  INFO 14124 --- [main] o.h.h.i.QueryTranslatorFactoryInitiator  : HHH000397: Using ASTQueryTranslatorFactory
2021-11-13 22:47:31.718  INFO 14124 --- [main] o.s.s.concurrent.ThreadPoolTaskExecutor  : Initializing ExecutorService 'applicationTaskExecutor'
2021-11-13 22:47:31.775  WARN 14124 --- [main] aWebConfiguration$JpaWebMvcConfiguration : spring.jpa.open-in-view is enabled by default. Therefore, database queries may be performed during view rendering. Explicitly configure spring.jpa.open-in-view to disable this warning
2021-11-13 22:47:32.156  INFO 14124 --- [main] t.e.spring.test.EmployeServiceImplTest   : Started EmployeServiceImplTest in 6.358 seconds (JVM running for 7.396)
2021-11-13 22:47:32.656  INFO 14124 --- [Thread-2] o.s.s.concurrent.ThreadPoolTaskExecutor  : Shutting down ExecutorService 'applicationTaskExecutor'
2021-11-13 22:47:32.658  INFO 14124 --- [Thread-2] j.LocalContainerEntityManagerFactoryBean : Closing JPA EntityManagerFactory for persistence unit 'default'
2021-11-13 22:47:32.659  INFO 14124 --- [Thread-2] com.zaxxer.hikari.HikariDataSource       : HikariPool-1 - Shutdown initiated...
2021-11-13 22:47:32.661  INFO 14124 --- [Thread-2] com.zaxxer.hikari.HikariDataSource       : HikariPool-1 - Shutdown completed.
